<?xml version="1.0" encoding="UTF-8"?>
<!-- Generated by org.testng.reporters.JUnitReportReporter -->
<testsuite hostname="DESKTOP-URHJUUA" failures="0" tests="1" name="demo.Securitycockpittext" time="18.581" errors="0" timestamp="2024-06-25T14:00:34 IST" skipped="0">
  <testcase classname="demo.Securitycockpittext" name="Security" time="18.581"/>
  <system-out/>
</testsuite> <!-- demo.Securitycockpittext -->
