<?xml version="1.0" encoding="UTF-8"?>
<!-- Generated by org.testng.reporters.JUnitReportReporter -->
<testsuite hostname="Diptikanta" failures="0" tests="1" name="demo.DataSyncProcess" time="16.245" errors="0" timestamp="2023-05-09T11:59:17 IST" skipped="0">
  <testcase classname="demo.DataSyncProcess" name="TC_ID_005_" time="16.245"/>
  <system-out/>
</testsuite> <!-- demo.DataSyncProcess -->
