<?xml version="1.0" encoding="UTF-8"?>
<!-- Generated by org.testng.reporters.JUnitReportReporter -->
<testsuite hostname="DESKTOP-URHJUUA" failures="0" tests="1" name="demo.demotest" time="0.013" errors="0" timestamp="2023-12-21T21:35:31 IST" skipped="0">
  <testcase classname="demo.demotest" name="test1" time="0.013"/>
  <system-out/>
</testsuite> <!-- demo.demotest -->
