<?xml version="1.0" encoding="UTF-8"?>
<!-- Generated by org.testng.reporters.JUnitReportReporter -->
<testsuite hostname="Diptikanta" failures="0" tests="1" name="demo.Permission" time="6.289" errors="0" timestamp="2023-05-09T12:00:49 IST" skipped="0">
  <testcase classname="demo.Permission" name="TC_ID_003" time="6.289"/>
  <system-out/>
</testsuite> <!-- demo.Permission -->
