<?xml version="1.0" encoding="UTF-8"?>
<!-- Generated by org.testng.reporters.JUnitReportReporter -->
<testsuite hostname="Diptikanta" failures="0" tests="1" name="demo.Newuser" time="6.673" errors="0" timestamp="2023-05-26T09:49:17 IST" skipped="0">
  <testcase classname="demo.Newuser" name="Newuser" time="6.673"/>
  <system-out/>
</testsuite> <!-- demo.Newuser -->
