<?xml version="1.0" encoding="UTF-8"?>
<!-- Generated by org.testng.reporters.JUnitReportReporter -->
<testsuite hostname="Rita" failures="0" tests="1" name="demo.Ebay" time="6.847" errors="0" timestamp="2023-04-18T15:01:37 IST" skipped="0">
  <testcase classname="demo.Ebay" name="demo" time="6.847"/>
  <system-out/>
</testsuite> <!-- demo.Ebay -->
