<?xml version="1.0" encoding="UTF-8"?>
<!-- Generated by org.testng.reporters.JUnitReportReporter -->
<testsuite hostname="Diptikanta" failures="0" tests="1" name="demo.login" time="1.375" errors="0" timestamp="2023-06-12T11:03:39 IST" skipped="0">
  <testcase classname="demo.login" name="LoginPage" time="1.375"/>
  <system-out/>
</testsuite> <!-- demo.login -->
