<?xml version="1.0" encoding="UTF-8"?>
<!-- Generated by org.testng.reporters.JUnitReportReporter -->
<testsuite hostname="DESKTOP-URHJUUA" failures="0" tests="1" name="demo.newUserTest" time="19.063" errors="0" timestamp="2024-01-09T16:46:25 IST" skipped="0">
  <testcase classname="demo.newUserTest" name="newUserTest" time="19.063"/>
  <system-out/>
</testsuite> <!-- demo.newUserTest -->
