<?xml version="1.0" encoding="UTF-8"?>
<!-- Generated by org.testng.reporters.JUnitReportReporter -->
<testsuite hostname="DESKTOP-URHJUUA" failures="0" tests="1" name="demo.ITGCITACDashBoard" time="38.199" errors="0" timestamp="2024-07-31T10:58:19 IST" skipped="0">
  <testcase classname="demo.ITGCITACDashBoard" name="itgcdashboardDashboard" time="38.199"/>
  <system-out/>
</testsuite> <!-- demo.ITGCITACDashBoard -->
