<?xml version="1.0" encoding="UTF-8"?>
<!-- Generated by org.testng.reporters.JUnitReportReporter -->
<testsuite hostname="Diptikanta" failures="0" tests="1" name="demo.demo" time="0.062" errors="0" timestamp="2023-05-02T21:56:34 IST" skipped="0">
  <testcase classname="demo.demo" name="getcurrentdate" time="0.062"/>
  <system-out/>
</testsuite> <!-- demo.demo -->
