<?xml version="1.0" encoding="UTF-8"?>
<!-- Generated by org.testng.reporters.JUnitReportReporter -->
<testsuite hostname="Diptikanta" failures="0" tests="1" name="demo.DataSyncProcess" time="15.993" errors="0" timestamp="2023-05-25T20:42:27 IST" skipped="0">
  <testcase classname="demo.DataSyncProcess" name="DataSyncProcess" time="15.993"/>
  <system-out/>
</testsuite> <!-- demo.DataSyncProcess -->
