<?xml version="1.0" encoding="UTF-8"?>
<!-- Generated by org.testng.reporters.JUnitReportReporter -->
<testsuite hostname="DESKTOP-URHJUUA" failures="0" tests="1" name="demo.Permission" time="18.436" errors="0" timestamp="2024-01-09T16:46:25 IST" skipped="0">
  <testcase classname="demo.Permission" name="Permission" time="18.436"/>
  <system-out/>
</testsuite> <!-- demo.Permission -->
