<?xml version="1.0" encoding="UTF-8"?>
<!-- Generated by org.testng.reporters.JUnitReportReporter -->
<testsuite hostname="DESKTOP-URHJUUA" failures="0" tests="1" name="demo.Permission" time="7.467" errors="0" timestamp="2024-03-13T17:17:48 IST" skipped="0">
  <testcase classname="demo.Permission" name="Permission" time="7.467"/>
  <system-out/>
</testsuite> <!-- demo.Permission -->
