<?xml version="1.0" encoding="UTF-8"?>
<!-- Generated by org.testng.reporters.JUnitReportReporter -->
<testsuite hostname="Rita" failures="0" tests="1" name="demo.Developer" time="6.046" errors="0" timestamp="2023-04-20T09:44:32 IST" skipped="0">
  <testcase classname="demo.Developer" name="Developerpage" time="6.046"/>
  <system-out/>
</testsuite> <!-- demo.Developer -->
