<?xml version="1.0" encoding="UTF-8"?>
<!-- Generated by org.testng.reporters.JUnitReportReporter -->
<testsuite hostname="Diptikanta" failures="0" tests="1" name="demo.iremedation" time="22.263" errors="0" timestamp="2023-05-24T10:13:22 IST" skipped="0">
  <testcase classname="demo.iremedation" name="TC_008Test_" time="22.263"/>
  <system-out/>
</testsuite> <!-- demo.iremedation -->
