<?xml version="1.0" encoding="UTF-8"?>
<!-- Generated by org.testng.reporters.JUnitReportReporter -->
<testsuite hostname="Diptikanta" failures="0" tests="1" name="demo.Newuser" time="10.652" errors="0" timestamp="2023-05-09T12:00:15 IST" skipped="0">
  <testcase classname="demo.Newuser" name="TC_ID_004" time="10.652"/>
  <system-out/>
</testsuite> <!-- demo.Newuser -->
