<?xml version="1.0" encoding="UTF-8"?>
<!-- Generated by org.testng.reporters.JUnitReportReporter -->
<testsuite hostname="DESKTOP-URHJUUA" failures="0" tests="1" name="demo.dataVarificationTesting" time="14.224" errors="0" timestamp="2024-03-28T14:56:54 IST" skipped="0">
  <testcase classname="demo.dataVarificationTesting" name="dataVarificationTesting" time="14.224"/>
  <system-out/>
</testsuite> <!-- demo.dataVarificationTesting -->
