<?xml version="1.0" encoding="UTF-8"?>
<!-- Generated by org.testng.reporters.JUnitReportReporter -->
<testsuite hostname="Diptikanta" failures="0" tests="1" name="demo.Registerclient" time="41.354" errors="0" timestamp="2023-06-12T11:02:07 IST" skipped="0">
  <testcase classname="demo.Registerclient" name="REGISTERNEWCLIENT" time="41.354"/>
  <system-out/>
</testsuite> <!-- demo.Registerclient -->
