<?xml version="1.0" encoding="UTF-8"?>
<!-- Generated by org.testng.reporters.JUnitReportReporter -->
<testsuite hostname="DESKTOP-URHJUUA" failures="0" tests="1" name="demo.itgcTest" time="25.234" errors="0" timestamp="2024-01-21T21:48:07 IST" skipped="0">
  <testcase classname="demo.itgcTest" name="itgcTest" time="25.234"/>
  <system-out/>
</testsuite> <!-- demo.itgcTest -->
