<?xml version="1.0" encoding="UTF-8"?>
<!-- Generated by org.testng.reporters.JUnitReportReporter -->
<testsuite hostname="Rita" failures="0" tests="1" name="TestPages.excel" time="3.764" errors="0" timestamp="2023-05-29T12:16:19 IST" skipped="0">
  <testcase classname="TestPages.excel" name="test" time="3.764"/>
  <system-out/>
</testsuite> <!-- TestPages.excel -->
