<?xml version="1.0" encoding="UTF-8"?>
<!-- Generated by org.testng.reporters.JUnitReportReporter -->
<testsuite hostname="DESKTOP-URHJUUA" failures="0" tests="1" name="demo.Permission" time="14.734" errors="0" timestamp="2023-12-27T11:22:37 IST" skipped="0">
  <testcase classname="demo.Permission" name="Permission" time="14.734"/>
  <system-out/>
</testsuite> <!-- demo.Permission -->
