<?xml version="1.0" encoding="UTF-8"?>
<!-- Generated by org.testng.reporters.JUnitReportReporter -->
<testsuite hostname="DESKTOP-URHJUUA" failures="0" tests="1" name="demo.sodSelectionTest" time="22.493" errors="0" timestamp="2024-04-16T22:24:52 IST" skipped="0">
  <testcase classname="demo.sodSelectionTest" name="sodSelectionTest" time="22.493"/>
  <system-out/>
</testsuite> <!-- demo.sodSelectionTest -->
