<?xml version="1.0" encoding="UTF-8"?>
<!-- Generated by org.testng.reporters.JUnitReportReporter -->
<testsuite hostname="DESKTOP-URHJUUA" failures="0" tests="1" name="demo.SoDdashboardTest" time="39.100" errors="0" timestamp="2024-07-25T10:56:29 IST" skipped="0">
  <testcase classname="demo.SoDdashboardTest" name="soddashboardTest" time="39.100"/>
  <system-out/>
</testsuite> <!-- demo.SoDdashboardTest -->
