<?xml version="1.0" encoding="UTF-8"?>
<!-- Generated by org.testng.reporters.JUnitReportReporter -->
<testsuite hostname="Diptikanta" failures="0" tests="1" name="demo.SodMatrixPage" time="21.640" errors="0" timestamp="2023-05-09T11:26:54 IST" skipped="0">
  <testcase classname="demo.SodMatrixPage" name="Tc_Id_" time="21.640"/>
  <system-out/>
</testsuite> <!-- demo.SodMatrixPage -->
