<?xml version="1.0" encoding="UTF-8"?>
<!-- Generated by org.testng.reporters.JUnitReportReporter -->
<testsuite hostname="DESKTOP-URHJUUA" failures="0" tests="1" name="demo.Securitycockpittext" time="47.335" errors="0" timestamp="2024-06-25T11:30:15 IST" skipped="0">
  <testcase classname="demo.Securitycockpittext" name="Security" time="47.335"/>
  <system-out/>
</testsuite> <!-- demo.Securitycockpittext -->
