<?xml version="1.0" encoding="UTF-8"?>
<!-- Generated by org.testng.reporters.JUnitReportReporter -->
<testsuite hostname="Diptikanta" failures="0" tests="1" name="demo.login" time="1.339" errors="0" timestamp="2023-04-26T15:36:16 IST" skipped="0">
  <testcase classname="demo.login" name="TC_OO1_" time="1.339"/>
  <system-out/>
</testsuite> <!-- demo.login -->
