<?xml version="1.0" encoding="UTF-8"?>
<!-- Generated by org.testng.reporters.JUnitReportReporter -->
<testsuite hostname="DESKTOP-URHJUUA" failures="0" tests="1" name="demo.ITGCITACDashBoard" time="57.013" errors="0" timestamp="2024-04-16T22:24:52 IST" skipped="0">
  <testcase classname="demo.ITGCITACDashBoard" name="itgcdashboardDashboard" time="57.013"/>
  <system-out/>
</testsuite> <!-- demo.ITGCITACDashBoard -->
