<?xml version="1.0" encoding="UTF-8"?>
<!-- Generated by org.testng.reporters.JUnitReportReporter -->
<testsuite hostname="DESKTOP-URHJUUA" failures="0" tests="1" name="demo.Registerclient" time="89.611" errors="0" timestamp="2024-01-09T16:46:25 IST" skipped="0">
  <testcase classname="demo.Registerclient" name="REGISTERNEWCLIENT" time="89.611"/>
  <system-out/>
</testsuite> <!-- demo.Registerclient -->
