<?xml version="1.0" encoding="UTF-8"?>
<!-- Generated by org.testng.reporters.JUnitReportReporter -->
<testsuite hostname="DESKTOP-URHJUUA" failures="0" tests="1" name="demo.Securitycockpittext" time="51.299" errors="0" timestamp="2024-07-26T16:52:43 IST" skipped="0">
  <testcase classname="demo.Securitycockpittext" name="Security" time="51.299"/>
  <system-out/>
</testsuite> <!-- demo.Securitycockpittext -->
