<?xml version="1.0" encoding="UTF-8"?>
<!-- Generated by org.testng.reporters.JUnitReportReporter -->
<testsuite hostname="DESKTOP-URHJUUA" failures="0" tests="1" name="demo.login" time="10.669" errors="0" timestamp="2024-03-21T10:26:30 IST" skipped="0">
  <testcase classname="demo.login" name="LoginPage" time="10.669"/>
  <system-out/>
</testsuite> <!-- demo.login -->
