<?xml version="1.0" encoding="UTF-8"?>
<!-- Generated by org.testng.reporters.JUnitReportReporter -->
<testsuite hostname="DESKTOP-URHJUUA" failures="0" tests="1" name="demo.itacTest" time="23.767" errors="0" timestamp="2024-04-17T13:47:08 IST" skipped="0">
  <testcase classname="demo.itacTest" name="itacTest" time="23.767"/>
  <system-out/>
</testsuite> <!-- demo.itacTest -->
