<?xml version="1.0" encoding="UTF-8"?>
<!-- Generated by org.testng.reporters.JUnitReportReporter -->
<testsuite hostname="DESKTOP-URHJUUA" failures="0" tests="1" name="demo.Registerclient" time="57.400" errors="0" timestamp="2023-12-21T15:34:04 IST" skipped="0">
  <testcase classname="demo.Registerclient" name="REGISTERNEWCLIENT" time="57.400"/>
  <system-out/>
</testsuite> <!-- demo.Registerclient -->
