<?xml version="1.0" encoding="UTF-8"?>
<!-- Generated by org.testng.reporters.JUnitReportReporter -->
<testsuite hostname="Diptikanta" failures="0" tests="1" name="demo.Permission" time="5.902" errors="0" timestamp="2023-05-25T20:42:27 IST" skipped="0">
  <testcase classname="demo.Permission" name="Permission" time="5.902"/>
  <system-out/>
</testsuite> <!-- demo.Permission -->
