<?xml version="1.0" encoding="UTF-8"?>
<!-- Generated by org.testng.reporters.JUnitReportReporter -->
<testsuite hostname="DESKTOP-URHJUUA" failures="0" tests="1" name="demo.ITGCITACDashBoard" time="47.113" errors="0" timestamp="2024-07-30T10:34:37 IST" skipped="0">
  <testcase classname="demo.ITGCITACDashBoard" name="itgcdashboardDashboard" time="47.113"/>
  <system-out/>
</testsuite> <!-- demo.ITGCITACDashBoard -->
