<?xml version="1.0" encoding="UTF-8"?>
<!-- Generated by org.testng.reporters.JUnitReportReporter -->
<testsuite hostname="Diptikanta" failures="0" tests="1" name="demo.SoDDashboard1" time="11.206" errors="0" timestamp="2023-05-25T20:42:27 IST" skipped="0">
  <testcase classname="demo.SoDDashboard1" name="SoDDashboard" time="11.206"/>
  <system-out/>
</testsuite> <!-- demo.SoDDashboard1 -->
