<?xml version="1.0" encoding="UTF-8"?>
<!-- Generated by org.testng.reporters.JUnitReportReporter -->
<testsuite hostname="DESKTOP-URHJUUA" failures="0" tests="1" name="demo.urlTest" time="10.459" errors="0" timestamp="2024-07-25T11:03:10 IST" skipped="0">
  <testcase classname="demo.urlTest" name="irmUrlTest" time="10.459"/>
  <system-out/>
</testsuite> <!-- demo.urlTest -->
