<?xml version="1.0" encoding="UTF-8"?>
<!-- Generated by org.testng.reporters.JUnitReportReporter -->
<testsuite hostname="Rita" failures="0" tests="1" name="demo.DataSync" time="10.691" errors="0" timestamp="2023-04-18T15:10:33 IST" skipped="0">
  <testcase classname="demo.DataSync" name="DataSyncPage" time="10.691"/>
  <system-out/>
</testsuite> <!-- demo.DataSync -->
