<?xml version="1.0" encoding="UTF-8"?>
<!-- Generated by org.testng.reporters.JUnitReportReporter -->
<testsuite hostname="Rita" failures="0" tests="1" name="TestPages.SoDDashboard" time="13.411" errors="0" timestamp="2023-05-24T10:58:26 IST" skipped="0">
  <testcase classname="TestPages.SoDDashboard" name="SoDDashboardTest" time="13.411"/>
  <system-out/>
</testsuite> <!-- TestPages.SoDDashboard -->
