<?xml version="1.0" encoding="UTF-8"?>
<!-- Generated by org.testng.reporters.JUnitReportReporter -->
<testsuite hostname="DESKTOP-URHJUUA" failures="0" tests="1" name="demo.Securitycockpittext" time="27.212" errors="0" timestamp="2024-07-31T10:58:19 IST" skipped="0">
  <testcase classname="demo.Securitycockpittext" name="Security" time="27.212"/>
  <system-out/>
</testsuite> <!-- demo.Securitycockpittext -->
