<?xml version="1.0" encoding="UTF-8"?>
<!-- Generated by org.testng.reporters.JUnitReportReporter -->
<testsuite hostname="DESKTOP-URHJUUA" failures="0" tests="1" name="demo.newUserTest" time="8.201" errors="0" timestamp="2024-03-13T17:17:48 IST" skipped="0">
  <testcase classname="demo.newUserTest" name="newUserTest" time="8.201"/>
  <system-out/>
</testsuite> <!-- demo.newUserTest -->
