<?xml version="1.0" encoding="UTF-8"?>
<!-- Generated by org.testng.reporters.JUnitReportReporter -->
<testsuite hostname="DESKTOP-URHJUUA" failures="0" tests="1" name="demo.userPermissionManagementTest" time="26.978" errors="0" timestamp="2024-03-22T16:00:58 IST" skipped="0">
  <testcase classname="demo.userPermissionManagementTest" name="userPermissionManagementExit" time="26.978"/>
  <system-out/>
</testsuite> <!-- demo.userPermissionManagementTest -->
