<?xml version="1.0" encoding="UTF-8"?>
<!-- Generated by org.testng.reporters.JUnitReportReporter -->
<testsuite hostname="Diptikanta" failures="0" tests="1" name="demo.Registerclient" time="38.701" errors="0" timestamp="2023-05-12T15:31:12 IST" skipped="0">
  <testcase classname="demo.Registerclient" name="TC_002Test_" time="38.701"/>
  <system-out/>
</testsuite> <!-- demo.Registerclient -->
