<?xml version="1.0" encoding="UTF-8"?>
<!-- Generated by org.testng.reporters.JUnitReportReporter -->
<testsuite hostname="Rita" failures="0" tests="1" name="TestPages.SoDDashboard" time="13.443" errors="0" timestamp="2023-06-22T14:22:19 IST" skipped="0">
  <testcase classname="TestPages.SoDDashboard" name="SoDDashboardTest" time="13.443"/>
  <system-out/>
</testsuite> <!-- TestPages.SoDDashboard -->
