<?xml version="1.0" encoding="UTF-8"?>
<!-- Generated by org.testng.reporters.JUnitReportReporter -->
<testsuite hostname="Rita" failures="0" tests="1" name="TestPages.iremadiation" time="22.242" errors="0" timestamp="2023-05-26T11:21:09 IST" skipped="0">
  <testcase classname="TestPages.iremadiation" name="SoDDashboardTest" time="22.242"/>
  <system-out/>
</testsuite> <!-- TestPages.iremadiation -->
