<?xml version="1.0" encoding="UTF-8"?>
<!-- Generated by org.testng.reporters.JUnitReportReporter -->
<testsuite hostname="Rita" failures="0" tests="1" name="TestPages.DataSync" time="17.314" errors="0" timestamp="2023-05-26T11:21:09 IST" skipped="0">
  <testcase classname="TestPages.DataSync" name="DSPage" time="17.314"/>
  <system-out/>
</testsuite> <!-- TestPages.DataSync -->
