<?xml version="1.0" encoding="UTF-8"?>
<!-- Generated by org.testng.reporters.JUnitReportReporter -->
<testsuite hostname="Rita" failures="0" tests="1" name="TestPages.SoDMatrix" time="15.297" errors="0" timestamp="2023-05-26T11:21:09 IST" skipped="0">
  <testcase classname="TestPages.SoDMatrix" name="SoDMatrixpage" time="15.297"/>
  <system-out/>
</testsuite> <!-- TestPages.SoDMatrix -->
